{"/Users/dhruubb/Desktop/tracker-app/server.js": {"path":"/Users/dhruubb/Desktop/tracker-app/server.js","statementMap":{"0":{"start":{"line":1,"column":0},"end":{"line":1,"column":27}},"1":{"start":{"line":2,"column":16},"end":{"line":2,"column":34}},"2":{"start":{"line":3,"column":17},"end":{"line":3,"column":36}},"3":{"start":{"line":4,"column":15},"end":{"line":4,"column":32}},"4":{"start":{"line":5,"column":12},"end":{"line":5,"column":35}},"5":{"start":{"line":7,"column":13},"end":{"line":7,"column":37}},"6":{"start":{"line":8,"column":13},"end":{"line":8,"column":37}},"7":{"start":{"line":10,"column":12},"end":{"line":10,"column":21}},"8":{"start":{"line":11,"column":0},"end":{"line":11,"column":24}},"9":{"start":{"line":12,"column":0},"end":{"line":12,"column":34}},"10":{"start":{"line":15,"column":19},"end":{"line":15,"column":41}},"11":{"start":{"line":18,"column":0},"end":{"line":18,"column":35}},"12":{"start":{"line":24,"column":21},"end":{"line":28,"column":2}},"13":{"start":{"line":31,"column":28},"end":{"line":36,"column":2}},"14":{"start":{"line":42,"column":0},"end":{"line":49,"column":3}},"15":{"start":{"line":43,"column":2},"end":{"line":47,"column":5}},"16":{"start":{"line":44,"column":4},"end":{"line":46,"column":13}},"17":{"start":{"line":48,"column":2},"end":{"line":48,"column":9}},"18":{"start":{"line":52,"column":0},"end":{"line":58,"column":3}},"19":{"start":{"line":53,"column":14},"end":{"line":53,"column":46}},"20":{"start":{"line":54,"column":2},"end":{"line":56,"column":5}},"21":{"start":{"line":55,"column":4},"end":{"line":55,"column":49}},"22":{"start":{"line":57,"column":2},"end":{"line":57,"column":9}},"23":{"start":{"line":63,"column":0},"end":{"line":66,"column":3}},"24":{"start":{"line":64,"column":2},"end":{"line":64,"column":59}},"25":{"start":{"line":65,"column":2},"end":{"line":65,"column":47}},"26":{"start":{"line":70,"column":0},"end":{"line":72,"column":49}},"27":{"start":{"line":71,"column":14},"end":{"line":71,"column":48}},"28":{"start":{"line":72,"column":16},"end":{"line":72,"column":47}},"29":{"start":{"line":77,"column":17},"end":{"line":77,"column":42}},"30":{"start":{"line":79,"column":2},"end":{"line":80,"column":66}},"31":{"start":{"line":80,"column":4},"end":{"line":80,"column":66}},"32":{"start":{"line":82,"column":16},"end":{"line":84,"column":12}},"33":{"start":{"line":86,"column":2},"end":{"line":92,"column":3}},"34":{"start":{"line":87,"column":20},"end":{"line":87,"column":61}},"35":{"start":{"line":88,"column":4},"end":{"line":88,"column":23}},"36":{"start":{"line":89,"column":4},"end":{"line":89,"column":11}},"37":{"start":{"line":91,"column":4},"end":{"line":91,"column":62}},"38":{"start":{"line":99,"column":0},"end":{"line":120,"column":3}},"39":{"start":{"line":100,"column":2},"end":{"line":119,"column":3}},"40":{"start":{"line":101,"column":32},"end":{"line":101,"column":40}},"41":{"start":{"line":103,"column":4},"end":{"line":104,"column":65}},"42":{"start":{"line":104,"column":6},"end":{"line":104,"column":65}},"43":{"start":{"line":106,"column":21},"end":{"line":106,"column":50}},"44":{"start":{"line":107,"column":4},"end":{"line":108,"column":70}},"45":{"start":{"line":108,"column":6},"end":{"line":108,"column":70}},"46":{"start":{"line":110,"column":19},"end":{"line":110,"column":50}},"47":{"start":{"line":112,"column":4},"end":{"line":112,"column":51}},"48":{"start":{"line":114,"column":4},"end":{"line":114,"column":42}},"49":{"start":{"line":117,"column":4},"end":{"line":117,"column":40}},"50":{"start":{"line":118,"column":4},"end":{"line":118,"column":54}},"51":{"start":{"line":124,"column":0},"end":{"line":148,"column":3}},"52":{"start":{"line":125,"column":2},"end":{"line":147,"column":3}},"53":{"start":{"line":126,"column":32},"end":{"line":126,"column":40}},"54":{"start":{"line":128,"column":17},"end":{"line":128,"column":46}},"55":{"start":{"line":129,"column":4},"end":{"line":130,"column":64}},"56":{"start":{"line":130,"column":6},"end":{"line":130,"column":64}},"57":{"start":{"line":132,"column":18},"end":{"line":132,"column":63}},"58":{"start":{"line":133,"column":4},"end":{"line":134,"column":65}},"59":{"start":{"line":134,"column":6},"end":{"line":134,"column":65}},"60":{"start":{"line":136,"column":18},"end":{"line":140,"column":5}},"61":{"start":{"line":142,"column":4},"end":{"line":142,"column":24}},"62":{"start":{"line":145,"column":4},"end":{"line":145,"column":37}},"63":{"start":{"line":146,"column":4},"end":{"line":146,"column":54}},"64":{"start":{"line":154,"column":0},"end":{"line":170,"column":5}},"65":{"start":{"line":155,"column":4},"end":{"line":169,"column":5}},"66":{"start":{"line":156,"column":23},"end":{"line":156,"column":32}},"67":{"start":{"line":158,"column":19},"end":{"line":158,"column":42}},"68":{"start":{"line":160,"column":6},"end":{"line":162,"column":7}},"69":{"start":{"line":161,"column":8},"end":{"line":161,"column":27}},"70":{"start":{"line":164,"column":20},"end":{"line":164,"column":67}},"71":{"start":{"line":166,"column":6},"end":{"line":166,"column":22}},"72":{"start":{"line":168,"column":6},"end":{"line":168,"column":64}},"73":{"start":{"line":174,"column":0},"end":{"line":198,"column":5}},"74":{"start":{"line":175,"column":4},"end":{"line":197,"column":5}},"75":{"start":{"line":176,"column":34},"end":{"line":176,"column":42}},"76":{"start":{"line":178,"column":6},"end":{"line":179,"column":66}},"77":{"start":{"line":179,"column":8},"end":{"line":179,"column":66}},"78":{"start":{"line":181,"column":20},"end":{"line":181,"column":30}},"79":{"start":{"line":182,"column":24},"end":{"line":184,"column":48}},"80":{"start":{"line":186,"column":19},"end":{"line":192,"column":8}},"81":{"start":{"line":194,"column":6},"end":{"line":194,"column":21}},"82":{"start":{"line":196,"column":6},"end":{"line":196,"column":63}},"83":{"start":{"line":202,"column":0},"end":{"line":219,"column":5}},"84":{"start":{"line":203,"column":4},"end":{"line":218,"column":5}},"85":{"start":{"line":204,"column":19},"end":{"line":207,"column":8}},"86":{"start":{"line":209,"column":6},"end":{"line":210,"column":67}},"87":{"start":{"line":210,"column":8},"end":{"line":210,"column":67}},"88":{"start":{"line":212,"column":6},"end":{"line":212,"column":29}},"89":{"start":{"line":213,"column":6},"end":{"line":213,"column":24}},"90":{"start":{"line":215,"column":6},"end":{"line":215,"column":21}},"91":{"start":{"line":217,"column":6},"end":{"line":217,"column":63}},"92":{"start":{"line":223,"column":0},"end":{"line":237,"column":3}},"93":{"start":{"line":224,"column":2},"end":{"line":236,"column":3}},"94":{"start":{"line":225,"column":17},"end":{"line":228,"column":6}},"95":{"start":{"line":230,"column":4},"end":{"line":231,"column":65}},"96":{"start":{"line":231,"column":6},"end":{"line":231,"column":65}},"97":{"start":{"line":233,"column":4},"end":{"line":233,"column":32}},"98":{"start":{"line":235,"column":4},"end":{"line":235,"column":61}},"99":{"start":{"line":240,"column":13},"end":{"line":240,"column":17}},"100":{"start":{"line":242,"column":0},"end":{"line":246,"column":1}},"101":{"start":{"line":243,"column":2},"end":{"line":245,"column":5}},"102":{"start":{"line":244,"column":4},"end":{"line":244,"column":45}},"103":{"start":{"line":248,"column":0},"end":{"line":248,"column":21}}},"fnMap":{"0":{"name":"(anonymous_0)","decl":{"start":{"line":42,"column":8},"end":{"line":42,"column":9}},"loc":{"start":{"line":42,"column":28},"end":{"line":49,"column":1}},"line":42},"1":{"name":"(anonymous_1)","decl":{"start":{"line":43,"column":19},"end":{"line":43,"column":20}},"loc":{"start":{"line":43,"column":25},"end":{"line":47,"column":3}},"line":43},"2":{"name":"(anonymous_2)","decl":{"start":{"line":52,"column":8},"end":{"line":52,"column":9}},"loc":{"start":{"line":52,"column":28},"end":{"line":58,"column":1}},"line":52},"3":{"name":"(anonymous_3)","decl":{"start":{"line":54,"column":19},"end":{"line":54,"column":20}},"loc":{"start":{"line":54,"column":25},"end":{"line":56,"column":3}},"line":54},"4":{"name":"(anonymous_4)","decl":{"start":{"line":63,"column":20},"end":{"line":63,"column":21}},"loc":{"start":{"line":63,"column":40},"end":{"line":66,"column":1}},"line":63},"5":{"name":"(anonymous_5)","decl":{"start":{"line":71,"column":8},"end":{"line":71,"column":9}},"loc":{"start":{"line":71,"column":14},"end":{"line":71,"column":48}},"line":71},"6":{"name":"(anonymous_6)","decl":{"start":{"line":72,"column":9},"end":{"line":72,"column":10}},"loc":{"start":{"line":72,"column":16},"end":{"line":72,"column":47}},"line":72},"7":{"name":"auth","decl":{"start":{"line":76,"column":9},"end":{"line":76,"column":13}},"loc":{"start":{"line":76,"column":30},"end":{"line":93,"column":1}},"line":76},"8":{"name":"(anonymous_8)","decl":{"start":{"line":99,"column":22},"end":{"line":99,"column":23}},"loc":{"start":{"line":99,"column":42},"end":{"line":120,"column":1}},"line":99},"9":{"name":"(anonymous_9)","decl":{"start":{"line":124,"column":19},"end":{"line":124,"column":20}},"loc":{"start":{"line":124,"column":39},"end":{"line":148,"column":1}},"line":124},"10":{"name":"(anonymous_10)","decl":{"start":{"line":154,"column":24},"end":{"line":154,"column":25}},"loc":{"start":{"line":154,"column":44},"end":{"line":170,"column":3}},"line":154},"11":{"name":"(anonymous_11)","decl":{"start":{"line":174,"column":25},"end":{"line":174,"column":26}},"loc":{"start":{"line":174,"column":45},"end":{"line":198,"column":3}},"line":174},"12":{"name":"(anonymous_12)","decl":{"start":{"line":202,"column":28},"end":{"line":202,"column":29}},"loc":{"start":{"line":202,"column":48},"end":{"line":219,"column":3}},"line":202},"13":{"name":"(anonymous_13)","decl":{"start":{"line":223,"column":31},"end":{"line":223,"column":32}},"loc":{"start":{"line":223,"column":51},"end":{"line":237,"column":1}},"line":223},"14":{"name":"(anonymous_14)","decl":{"start":{"line":243,"column":19},"end":{"line":243,"column":20}},"loc":{"start":{"line":243,"column":25},"end":{"line":245,"column":3}},"line":243}},"branchMap":{"0":{"loc":{"start":{"line":79,"column":2},"end":{"line":80,"column":66}},"type":"if","locations":[{"start":{"line":79,"column":2},"end":{"line":80,"column":66}},{"start":{},"end":{}}],"line":79},"1":{"loc":{"start":{"line":82,"column":16},"end":{"line":84,"column":12}},"type":"cond-expr","locations":[{"start":{"line":83,"column":6},"end":{"line":83,"column":26}},{"start":{"line":84,"column":6},"end":{"line":84,"column":12}}],"line":82},"2":{"loc":{"start":{"line":103,"column":4},"end":{"line":104,"column":65}},"type":"if","locations":[{"start":{"line":103,"column":4},"end":{"line":104,"column":65}},{"start":{},"end":{}}],"line":103},"3":{"loc":{"start":{"line":103,"column":8},"end":{"line":103,"column":27}},"type":"binary-expr","locations":[{"start":{"line":103,"column":8},"end":{"line":103,"column":14}},{"start":{"line":103,"column":18},"end":{"line":103,"column":27}}],"line":103},"4":{"loc":{"start":{"line":107,"column":4},"end":{"line":108,"column":70}},"type":"if","locations":[{"start":{"line":107,"column":4},"end":{"line":108,"column":70}},{"start":{},"end":{}}],"line":107},"5":{"loc":{"start":{"line":129,"column":4},"end":{"line":130,"column":64}},"type":"if","locations":[{"start":{"line":129,"column":4},"end":{"line":130,"column":64}},{"start":{},"end":{}}],"line":129},"6":{"loc":{"start":{"line":133,"column":4},"end":{"line":134,"column":65}},"type":"if","locations":[{"start":{"line":133,"column":4},"end":{"line":134,"column":65}},{"start":{},"end":{}}],"line":133},"7":{"loc":{"start":{"line":160,"column":6},"end":{"line":162,"column":7}},"type":"if","locations":[{"start":{"line":160,"column":6},"end":{"line":162,"column":7}},{"start":{},"end":{}}],"line":160},"8":{"loc":{"start":{"line":178,"column":6},"end":{"line":179,"column":66}},"type":"if","locations":[{"start":{"line":178,"column":6},"end":{"line":179,"column":66}},{"start":{},"end":{}}],"line":178},"9":{"loc":{"start":{"line":178,"column":10},"end":{"line":178,"column":31}},"type":"binary-expr","locations":[{"start":{"line":178,"column":10},"end":{"line":178,"column":15}},{"start":{"line":178,"column":19},"end":{"line":178,"column":31}}],"line":178},"10":{"loc":{"start":{"line":188,"column":13},"end":{"line":188,"column":26}},"type":"binary-expr","locations":[{"start":{"line":188,"column":13},"end":{"line":188,"column":16}},{"start":{"line":188,"column":20},"end":{"line":188,"column":26}}],"line":188},"11":{"loc":{"start":{"line":191,"column":14},"end":{"line":191,"column":31}},"type":"binary-expr","locations":[{"start":{"line":191,"column":14},"end":{"line":191,"column":18}},{"start":{"line":191,"column":22},"end":{"line":191,"column":31}}],"line":191},"12":{"loc":{"start":{"line":209,"column":6},"end":{"line":210,"column":67}},"type":"if","locations":[{"start":{"line":209,"column":6},"end":{"line":210,"column":67}},{"start":{},"end":{}}],"line":209},"13":{"loc":{"start":{"line":230,"column":4},"end":{"line":231,"column":65}},"type":"if","locations":[{"start":{"line":230,"column":4},"end":{"line":231,"column":65}},{"start":{},"end":{}}],"line":230},"14":{"loc":{"start":{"line":242,"column":0},"end":{"line":246,"column":1}},"type":"if","locations":[{"start":{"line":242,"column":0},"end":{"line":246,"column":1}},{"start":{},"end":{}}],"line":242}},"s":{"0":1,"1":1,"2":1,"3":1,"4":1,"5":1,"6":1,"7":1,"8":1,"9":1,"10":1,"11":1,"12":1,"13":1,"14":1,"15":7,"16":7,"17":7,"18":1,"19":7,"20":7,"21":7,"22":7,"23":1,"24":0,"25":0,"26":1,"27":1,"28":0,"29":5,"30":5,"31":1,"32":4,"33":4,"34":4,"35":4,"36":4,"37":0,"38":1,"39":1,"40":1,"41":1,"42":0,"43":1,"44":1,"45":1,"46":0,"47":0,"48":0,"49":0,"50":0,"51":1,"52":1,"53":1,"54":1,"55":1,"56":0,"57":1,"58":1,"59":0,"60":1,"61":1,"62":0,"63":0,"64":1,"65":1,"66":1,"67":1,"68":1,"69":0,"70":1,"71":1,"72":0,"73":1,"74":1,"75":1,"76":1,"77":0,"78":1,"79":1,"80":1,"81":1,"82":0,"83":1,"84":1,"85":1,"86":1,"87":0,"88":1,"89":1,"90":1,"91":0,"92":1,"93":1,"94":1,"95":1,"96":0,"97":1,"98":0,"99":1,"100":1,"101":0,"102":0,"103":1},"f":{"0":7,"1":7,"2":7,"3":7,"4":0,"5":1,"6":0,"7":5,"8":1,"9":1,"10":1,"11":1,"12":1,"13":1,"14":0},"b":{"0":[1,4],"1":[0,4],"2":[0,1],"3":[1,1],"4":[1,0],"5":[0,1],"6":[0,1],"7":[0,1],"8":[0,1],"9":[1,1],"10":[1,0],"11":[1,0],"12":[0,1],"13":[0,1],"14":[0,1]},"_coverageSchema":"1a1c01bbd47fc00a2c39e90264f33305004495a9","hash":"72cb05aec08250f7de27d1b7b43ead307dd0637a"}
,"/Users/dhruubb/Desktop/tracker-app/models/Task.js": {"path":"/Users/dhruubb/Desktop/tracker-app/models/Task.js","statementMap":{"0":{"start":{"line":12,"column":17},"end":{"line":12,"column":36}},"1":{"start":{"line":14,"column":19},"end":{"line":25,"column":2}},"2":{"start":{"line":27,"column":0},"end":{"line":27,"column":52}}},"fnMap":{},"branchMap":{},"s":{"0":1,"1":1,"2":1},"f":{},"b":{},"_coverageSchema":"1a1c01bbd47fc00a2c39e90264f33305004495a9","hash":"536d4fec3a6668a1eb76ea49166d8367e1c35e28"}
,"/Users/dhruubb/Desktop/tracker-app/models/User.js": {"path":"/Users/dhruubb/Desktop/tracker-app/models/User.js","statementMap":{"0":{"start":{"line":1,"column":17},"end":{"line":1,"column":36}},"1":{"start":{"line":3,"column":19},"end":{"line":6,"column":2}},"2":{"start":{"line":8,"column":0},"end":{"line":8,"column":52}}},"fnMap":{},"branchMap":{},"s":{"0":1,"1":1,"2":1},"f":{},"b":{},"_coverageSchema":"1a1c01bbd47fc00a2c39e90264f33305004495a9","hash":"b14211644dbc3ed35160dcbda38bf4301653e124"}
}
