TN:
SF:server.js
FN:42,(anonymous_0)
FN:43,(anonymous_1)
FN:52,(anonymous_2)
FN:54,(anonymous_3)
FN:63,(anonymous_4)
FN:71,(anonymous_5)
FN:72,(anonymous_6)
FN:76,auth
FN:99,(anonymous_8)
FN:124,(anonymous_9)
FN:154,(anonymous_10)
FN:174,(anonymous_11)
FN:202,(anonymous_12)
FN:223,(anonymous_13)
FN:243,(anonymous_14)
FNF:15
FNH:12
FNDA:7,(anonymous_0)
FNDA:7,(anonymous_1)
FNDA:7,(anonymous_2)
FNDA:7,(anonymous_3)
FNDA:0,(anonymous_4)
FNDA:1,(anonymous_5)
FNDA:0,(anonymous_6)
FNDA:5,auth
FNDA:1,(anonymous_8)
FNDA:1,(anonymous_9)
FNDA:1,(anonymous_10)
FNDA:1,(anonymous_11)
FNDA:1,(anonymous_12)
FNDA:1,(anonymous_13)
FNDA:0,(anonymous_14)
DA:1,1
DA:2,1
DA:3,1
DA:4,1
DA:5,1
DA:7,1
DA:8,1
DA:10,1
DA:11,1
DA:12,1
DA:15,1
DA:18,1
DA:24,1
DA:31,1
DA:42,1
DA:43,7
DA:44,7
DA:48,7
DA:52,1
DA:53,7
DA:54,7
DA:55,7
DA:57,7
DA:63,1
DA:64,0
DA:65,0
DA:70,1
DA:71,1
DA:72,0
DA:77,5
DA:79,5
DA:80,1
DA:82,4
DA:86,4
DA:87,4
DA:88,4
DA:89,4
DA:91,0
DA:99,1
DA:100,1
DA:101,1
DA:103,1
DA:104,0
DA:106,1
DA:107,1
DA:108,1
DA:110,0
DA:112,0
DA:114,0
DA:117,0
DA:118,0
DA:124,1
DA:125,1
DA:126,1
DA:128,1
DA:129,1
DA:130,0
DA:132,1
DA:133,1
DA:134,0
DA:136,1
DA:142,1
DA:145,0
DA:146,0
DA:154,1
DA:155,1
DA:156,1
DA:158,1
DA:160,1
DA:161,0
DA:164,1
DA:166,1
DA:168,0
DA:174,1
DA:175,1
DA:176,1
DA:178,1
DA:179,0
DA:181,1
DA:182,1
DA:186,1
DA:194,1
DA:196,0
DA:202,1
DA:203,1
DA:204,1
DA:209,1
DA:210,0
DA:212,1
DA:213,1
DA:215,1
DA:217,0
DA:223,1
DA:224,1
DA:225,1
DA:230,1
DA:231,0
DA:233,1
DA:235,0
DA:240,1
DA:242,1
DA:243,0
DA:244,0
DA:248,1
LF:104
LH:80
BRDA:79,0,0,1
BRDA:79,0,1,4
BRDA:82,1,0,0
BRDA:82,1,1,4
BRDA:103,2,0,0
BRDA:103,2,1,1
BRDA:103,3,0,1
BRDA:103,3,1,1
BRDA:107,4,0,1
BRDA:107,4,1,0
BRDA:129,5,0,0
BRDA:129,5,1,1
BRDA:133,6,0,0
BRDA:133,6,1,1
BRDA:160,7,0,0
BRDA:160,7,1,1
BRDA:178,8,0,0
BRDA:178,8,1,1
BRDA:178,9,0,1
BRDA:178,9,1,1
BRDA:188,10,0,1
BRDA:188,10,1,0
BRDA:191,11,0,1
BRDA:191,11,1,0
BRDA:209,12,0,0
BRDA:209,12,1,1
BRDA:230,13,0,0
BRDA:230,13,1,1
BRDA:242,14,0,0
BRDA:242,14,1,1
BRF:30
BRH:18
end_of_record
TN:
SF:models/Task.js
FNF:0
FNH:0
DA:12,1
DA:14,1
DA:27,1
LF:3
LH:3
BRF:0
BRH:0
end_of_record
TN:
SF:models/User.js
FNF:0
FNH:0
DA:1,1
DA:3,1
DA:8,1
LF:3
LH:3
BRF:0
BRH:0
end_of_record
